[debug] [2023-07-01T11:31:06.374Z] ----------------------------------------------------------------------
[debug] [2023-07-01T11:31:06.376Z] Command:       C:\Program Files\nodejs\node.exe C:\Users\MSI\AppData\Roaming\npm\node_modules\firebase-tools\lib\bin\firebase.js init
[debug] [2023-07-01T11:31:06.376Z] CLI Version:   12.4.2
[debug] [2023-07-01T11:31:06.377Z] Platform:      win32
[debug] [2023-07-01T11:31:06.377Z] Node Version:  v16.20.0
[debug] [2023-07-01T11:31:06.378Z] Time:          Sat Jul 01 2023 14:31:06 GMT+0300 (GMT+03:00)
[debug] [2023-07-01T11:31:06.378Z] ----------------------------------------------------------------------
[debug] 
[debug] [2023-07-01T11:31:06.383Z] >>> [apiv2][query] GET https://firebase-public.firebaseio.com/cli.json [none]
[debug] [2023-07-01T11:31:06.411Z] > command requires scopes: ["email","openid","https://www.googleapis.com/auth/cloudplatformprojects.readonly","https://www.googleapis.com/auth/firebase","https://www.googleapis.com/auth/cloud-platform"]
[debug] [2023-07-01T11:31:06.411Z] > authorizing via signed-in user (msmhirmak@gmail.com)
[info] 
     ######## #### ########  ######## ########     ###     ######  ########
     ##        ##  ##     ## ##       ##     ##  ##   ##  ##       ##
     ######    ##  ########  ######   ########  #########  ######  ######
     ##        ##  ##    ##  ##       ##     ## ##     ##       ## ##
     ##       #### ##     ## ######## ########  ##     ##  ######  ########

You're about to initialize a Firebase project in this directory:

  C:\React\firebase-training

Before we get started, keep in mind:

  * You are currently outside your home directory

[debug] [2023-07-01T11:31:07.030Z] <<< [apiv2][status] GET https://firebase-public.firebaseio.com/cli.json 200
[debug] [2023-07-01T11:31:07.032Z] <<< [apiv2][body] GET https://firebase-public.firebaseio.com/cli.json {"cloudBuildErrorAfter":1594252800000,"cloudBuildWarnAfter":1590019200000,"defaultNode10After":1594252800000,"minVersion":"3.0.5","node8DeploysDisabledAfter":1613390400000,"node8RuntimeDisabledAfter":1615809600000,"node8WarnAfter":1600128000000}
